2025-06-11 22:48:27.277 [info] Reading sessions from keychain...
2025-06-11 22:48:27.277 [info] Getting sessions for all scopes...
2025-06-11 22:48:27.277 [info] Getting sessions for all scopes...
2025-06-11 22:48:27.277 [info] Getting sessions for all scopes...
2025-06-11 22:48:27.277 [info] Getting sessions for all scopes...
2025-06-11 22:48:27.277 [info] Getting sessions for all scopes...
2025-06-11 22:48:27.277 [info] Getting sessions for all scopes...
2025-06-11 22:48:27.277 [info] Getting sessions for all scopes...
2025-06-11 22:48:27.277 [info] Getting sessions for all scopes...
2025-06-11 22:48:27.277 [info] Getting sessions for all scopes...
2025-06-11 22:48:27.277 [info] Getting sessions for all scopes...
2025-06-11 22:48:27.277 [info] Getting sessions for all scopes...
2025-06-11 22:48:27.277 [info] Got stored sessions!
2025-06-11 22:48:27.277 [info] Got 1 verified sessions.
2025-06-11 22:48:27.277 [info] Got 1 sessions for ...
2025-06-11 22:48:27.277 [info] Got 1 sessions for ...
2025-06-11 22:48:27.277 [info] Got 1 sessions for ...
2025-06-11 22:48:27.277 [info] Got 1 sessions for ...
2025-06-11 22:48:27.277 [info] Got 1 sessions for ...
2025-06-11 22:48:27.277 [info] Got 1 sessions for ...
2025-06-11 22:48:27.277 [info] Got 1 sessions for ...
2025-06-11 22:48:27.277 [info] Got 1 sessions for ...
2025-06-11 22:48:27.277 [info] Got 1 sessions for ...
2025-06-11 22:48:27.277 [info] Got 1 sessions for ...
2025-06-11 22:48:27.277 [info] Got 1 sessions for ...
2025-06-11 22:48:27.287 [info] Getting sessions for all scopes...
2025-06-11 22:48:27.287 [info] Got 1 sessions for ...
2025-06-11 22:48:27.287 [info] Getting sessions for all scopes...
2025-06-11 22:48:27.287 [info] Got 1 sessions for ...
2025-06-11 22:48:27.287 [info] Getting sessions for all scopes...
2025-06-11 22:48:27.287 [info] Got 1 sessions for ...
2025-06-11 22:48:27.287 [info] Getting sessions for all scopes...
2025-06-11 22:48:27.287 [info] Got 1 sessions for ...
2025-06-11 22:48:27.287 [info] Getting sessions for all scopes...
2025-06-11 22:48:27.287 [info] Got 1 sessions for ...
2025-06-11 22:48:27.287 [info] Getting sessions for all scopes...
2025-06-11 22:48:27.287 [info] Got 1 sessions for ...
2025-06-11 22:48:27.293 [info] Getting sessions for read:user,repo,user:email,workflow...
2025-06-11 22:48:27.293 [info] Got 0 sessions for read:user,repo,user:email,workflow...
2025-06-11 22:48:27.294 [info] Getting sessions for user:email...
2025-06-11 22:48:27.294 [info] Got 1 sessions for user:email...
2025-06-11 22:48:27.294 [info] Getting sessions for read:user,repo,user:email,workflow...
2025-06-11 22:48:27.294 [info] Got 0 sessions for read:user,repo,user:email,workflow...
2025-06-11 22:48:27.295 [info] Getting sessions for all scopes...
2025-06-11 22:48:27.295 [info] Got 1 sessions for ...
2025-06-11 22:48:27.295 [info] Getting sessions for read:user,repo,user:email,workflow...
2025-06-11 22:48:27.295 [info] Got 0 sessions for read:user,repo,user:email,workflow...
2025-06-11 22:48:27.296 [info] Getting sessions for user:email...
2025-06-11 22:48:27.296 [info] Got 1 sessions for user:email...
2025-06-11 22:48:27.296 [info] Getting sessions for all scopes...
2025-06-11 22:48:27.296 [info] Got 1 sessions for ...
2025-06-11 22:48:27.297 [info] Getting sessions for read:user,repo,user:email,workflow...
2025-06-11 22:48:27.297 [info] Got 0 sessions for read:user,repo,user:email,workflow...
2025-06-11 22:48:27.297 [info] Getting sessions for user:email...
2025-06-11 22:48:27.297 [info] Got 1 sessions for user:email...
2025-06-11 22:48:27.387 [info] Getting sessions for all scopes...
2025-06-11 22:48:27.387 [info] Got 1 sessions for ...
2025-06-11 22:48:27.387 [info] Getting sessions for read:user,repo,user:email,workflow...
2025-06-11 22:48:27.387 [info] Got 0 sessions for read:user,repo,user:email,workflow...
2025-06-11 22:48:27.388 [info] Getting sessions for user:email...
2025-06-11 22:48:27.388 [info] Got 1 sessions for user:email...
2025-06-11 22:48:27.388 [info] Getting sessions for all scopes...
2025-06-11 22:48:27.388 [info] Got 1 sessions for ...
2025-06-11 22:48:27.389 [info] Getting sessions for read:user,repo,user:email,workflow...
2025-06-11 22:48:27.389 [info] Got 0 sessions for read:user,repo,user:email,workflow...
2025-06-11 22:48:27.389 [info] Getting sessions for user:email...
2025-06-11 22:48:27.389 [info] Got 1 sessions for user:email...
2025-06-11 22:48:27.703 [info] Getting sessions for all scopes...
2025-06-11 22:48:27.703 [info] Got 1 sessions for ...
2025-06-11 22:48:27.703 [info] Getting sessions for all scopes...
2025-06-11 22:48:27.703 [info] Got 1 sessions for ...
2025-06-11 22:48:27.766 [info] Getting sessions for read:user,repo,user:email,workflow...
2025-06-11 22:48:27.766 [info] Got 0 sessions for read:user,repo,user:email,workflow...
2025-06-11 22:48:27.767 [info] Getting sessions for read:user...
2025-06-11 22:48:27.767 [info] Got 0 sessions for read:user...
2025-06-11 22:48:27.767 [info] Getting sessions for user:email...
2025-06-11 22:48:27.767 [info] Got 1 sessions for user:email...
2025-06-11 22:48:28.991 [info] Getting sessions for all scopes...
2025-06-11 22:48:28.991 [info] Got 1 sessions for ...
2025-06-11 22:49:27.392 [info] Getting sessions for all scopes...
2025-06-11 22:49:27.392 [info] Got 1 sessions for ...
2025-06-11 22:49:27.392 [info] Getting sessions for read:user,repo,user:email,workflow...
2025-06-11 22:49:27.392 [info] Got 0 sessions for read:user,repo,user:email,workflow...
2025-06-11 22:49:27.393 [info] Getting sessions for user:email...
2025-06-11 22:49:27.393 [info] Got 1 sessions for user:email...
2025-06-11 22:49:27.393 [info] Getting sessions for all scopes...
2025-06-11 22:49:27.393 [info] Got 1 sessions for ...
2025-06-11 22:49:27.394 [info] Getting sessions for read:user,repo,user:email,workflow...
2025-06-11 22:49:27.394 [info] Got 0 sessions for read:user,repo,user:email,workflow...
2025-06-11 22:49:27.394 [info] Getting sessions for user:email...
2025-06-11 22:49:27.394 [info] Got 1 sessions for user:email...
2025-06-11 22:50:27.397 [info] Getting sessions for all scopes...
2025-06-11 22:50:27.397 [info] Got 1 sessions for ...
2025-06-11 22:50:27.398 [info] Getting sessions for read:user,repo,user:email,workflow...
2025-06-11 22:50:27.398 [info] Got 0 sessions for read:user,repo,user:email,workflow...
2025-06-11 22:50:27.398 [info] Getting sessions for user:email...
2025-06-11 22:50:27.399 [info] Got 1 sessions for user:email...
2025-06-11 22:50:27.399 [info] Getting sessions for all scopes...
2025-06-11 22:50:27.399 [info] Got 1 sessions for ...
2025-06-11 22:50:27.399 [info] Getting sessions for read:user,repo,user:email,workflow...
2025-06-11 22:50:27.399 [info] Got 0 sessions for read:user,repo,user:email,workflow...
2025-06-11 22:50:27.400 [info] Getting sessions for user:email...
2025-06-11 22:50:27.400 [info] Got 1 sessions for user:email...
2025-06-11 23:20:55.334 [info] Getting sessions for all scopes...
2025-06-11 23:20:55.334 [info] Got 1 sessions for ...
2025-06-11 23:20:55.335 [info] Getting sessions for read:user,repo,user:email,workflow...
2025-06-11 23:20:55.335 [info] Got 0 sessions for read:user,repo,user:email,workflow...
2025-06-11 23:20:55.335 [info] Getting sessions for user:email...
2025-06-11 23:20:55.335 [info] Got 1 sessions for user:email...
2025-06-11 23:20:55.336 [info] Getting sessions for all scopes...
2025-06-11 23:20:55.336 [info] Got 1 sessions for ...
2025-06-11 23:20:55.336 [info] Getting sessions for read:user,repo,user:email,workflow...
2025-06-11 23:20:55.336 [info] Got 0 sessions for read:user,repo,user:email,workflow...
2025-06-11 23:20:55.337 [info] Getting sessions for user:email...
2025-06-11 23:20:55.337 [info] Got 1 sessions for user:email...
2025-06-11 23:20:56.042 [info] Getting sessions for all scopes...
2025-06-11 23:20:56.042 [info] Got 1 sessions for ...
2025-06-11 23:20:56.042 [info] Getting sessions for all scopes...
2025-06-11 23:20:56.042 [info] Got 1 sessions for ...
2025-06-11 23:20:56.042 [info] Getting sessions for read:user,repo,user:email,workflow...
2025-06-11 23:20:56.042 [info] Got 0 sessions for read:user,repo,user:email,workflow...
2025-06-11 23:20:56.043 [info] Getting sessions for user:email...
2025-06-11 23:20:56.043 [info] Got 1 sessions for user:email...
2025-06-11 23:20:56.043 [info] Getting sessions for read:user,repo,user:email,workflow...
2025-06-11 23:20:56.043 [info] Got 0 sessions for read:user,repo,user:email,workflow...
2025-06-11 23:20:56.043 [info] Getting sessions for all scopes...
2025-06-11 23:20:56.043 [info] Got 1 sessions for ...
2025-06-11 23:20:56.044 [info] Getting sessions for read:user,repo,user:email,workflow...
2025-06-11 23:20:56.044 [info] Got 0 sessions for read:user,repo,user:email,workflow...
2025-06-11 23:20:56.045 [info] Getting sessions for user:email...
2025-06-11 23:20:56.045 [info] Got 1 sessions for user:email...
2025-06-11 23:20:56.076 [info] Getting sessions for all scopes...
2025-06-11 23:20:56.076 [info] Got 1 sessions for ...
2025-06-11 23:20:56.077 [info] Getting sessions for all scopes...
2025-06-11 23:20:56.077 [info] Got 1 sessions for ...
2025-06-11 23:20:56.077 [info] Getting sessions for read:user,repo,user:email,workflow...
2025-06-11 23:20:56.077 [info] Got 0 sessions for read:user,repo,user:email,workflow...
2025-06-11 23:20:56.078 [info] Getting sessions for user:email...
2025-06-11 23:20:56.078 [info] Got 1 sessions for user:email...
2025-06-11 23:20:56.078 [info] Getting sessions for read:user,repo,user:email,workflow...
2025-06-11 23:20:56.078 [info] Got 0 sessions for read:user,repo,user:email,workflow...
2025-06-11 23:20:56.079 [info] Getting sessions for all scopes...
2025-06-11 23:20:56.079 [info] Got 1 sessions for ...
2025-06-11 23:20:56.079 [info] Getting sessions for all scopes...
2025-06-11 23:20:56.079 [info] Got 1 sessions for ...
2025-06-11 23:20:56.079 [info] Getting sessions for all scopes...
2025-06-11 23:20:56.079 [info] Got 1 sessions for ...
2025-06-11 23:20:56.080 [info] Getting sessions for read:user,repo,user:email,workflow...
2025-06-11 23:20:56.080 [info] Got 0 sessions for read:user,repo,user:email,workflow...
2025-06-11 23:20:56.080 [info] Getting sessions for user:email...
2025-06-11 23:20:56.080 [info] Got 1 sessions for user:email...
2025-06-11 23:22:56.578 [info] Reading sessions from keychain...
2025-06-11 23:22:56.578 [info] Getting sessions for all scopes...
2025-06-11 23:22:56.578 [info] Getting sessions for all scopes...
2025-06-11 23:22:56.578 [info] Getting sessions for all scopes...
2025-06-11 23:22:56.578 [info] Getting sessions for all scopes...
2025-06-11 23:22:56.578 [info] Getting sessions for all scopes...
2025-06-11 23:22:56.578 [info] Getting sessions for all scopes...
2025-06-11 23:22:56.578 [info] Getting sessions for all scopes...
2025-06-11 23:22:56.578 [info] Getting sessions for all scopes...
2025-06-11 23:22:56.578 [info] Getting sessions for all scopes...
2025-06-11 23:22:56.578 [info] Got stored sessions!
2025-06-11 23:22:56.578 [info] Got 1 verified sessions.
2025-06-11 23:22:56.578 [info] Got 1 sessions for ...
2025-06-11 23:22:56.578 [info] Got 1 sessions for ...
2025-06-11 23:22:56.578 [info] Got 1 sessions for ...
2025-06-11 23:22:56.578 [info] Got 1 sessions for ...
2025-06-11 23:22:56.578 [info] Got 1 sessions for ...
2025-06-11 23:22:56.578 [info] Got 1 sessions for ...
2025-06-11 23:22:56.578 [info] Got 1 sessions for ...
2025-06-11 23:22:56.578 [info] Got 1 sessions for ...
2025-06-11 23:22:56.578 [info] Got 1 sessions for ...
2025-06-11 23:22:56.578 [info] Getting sessions for all scopes...
2025-06-11 23:22:56.578 [info] Got 1 sessions for ...
2025-06-11 23:22:56.578 [info] Getting sessions for all scopes...
2025-06-11 23:22:56.578 [info] Got 1 sessions for ...
2025-06-11 23:22:56.578 [info] Getting sessions for all scopes...
2025-06-11 23:22:56.578 [info] Got 1 sessions for ...
2025-06-11 23:22:56.578 [info] Getting sessions for all scopes...
2025-06-11 23:22:56.578 [info] Got 1 sessions for ...
2025-06-11 23:22:56.578 [info] Getting sessions for all scopes...
2025-06-11 23:22:56.578 [info] Got 1 sessions for ...
2025-06-11 23:22:56.578 [info] Getting sessions for all scopes...
2025-06-11 23:22:56.578 [info] Got 1 sessions for ...
2025-06-11 23:22:58.760 [info] Getting sessions for all scopes...
2025-06-11 23:22:58.760 [info] Got 1 sessions for ...
2025-06-11 23:22:58.799 [info] Getting sessions for all scopes...
2025-06-11 23:22:58.799 [info] Got 1 sessions for ...
2025-06-11 23:22:58.799 [info] Getting sessions for all scopes...
2025-06-11 23:22:58.799 [info] Got 1 sessions for ...
2025-06-11 23:22:58.806 [info] Getting sessions for all scopes...
2025-06-11 23:22:58.806 [info] Got 1 sessions for ...
2025-06-11 23:22:58.870 [info] Getting sessions for all scopes...
2025-06-11 23:22:58.870 [info] Got 1 sessions for ...
2025-06-11 23:22:58.870 [info] Getting sessions for read:user,repo,user:email,workflow...
2025-06-11 23:22:58.870 [info] Got 0 sessions for read:user,repo,user:email,workflow...
2025-06-11 23:22:58.879 [info] Getting sessions for read:user,repo,user:email,workflow...
2025-06-11 23:22:58.879 [info] Got 0 sessions for read:user,repo,user:email,workflow...
2025-06-11 23:22:58.879 [info] Getting sessions for read:user...
2025-06-11 23:22:58.879 [info] Got 0 sessions for read:user...
2025-06-11 23:22:58.880 [info] Getting sessions for user:email...
2025-06-11 23:22:58.880 [info] Got 1 sessions for user:email...
2025-06-11 23:22:59.005 [info] Getting sessions for read:user,repo,user:email,workflow...
2025-06-11 23:22:59.005 [info] Got 0 sessions for read:user,repo,user:email,workflow...
2025-06-11 23:22:59.006 [info] Getting sessions for user:email...
2025-06-11 23:22:59.006 [info] Got 1 sessions for user:email...
2025-06-11 23:22:59.008 [info] Getting sessions for all scopes...
2025-06-11 23:22:59.008 [info] Got 1 sessions for ...
2025-06-11 23:22:59.009 [info] Getting sessions for read:user,repo,user:email,workflow...
2025-06-11 23:22:59.009 [info] Got 0 sessions for read:user,repo,user:email,workflow...
2025-06-11 23:22:59.079 [info] Getting sessions for user:email...
2025-06-11 23:22:59.079 [info] Got 1 sessions for user:email...
2025-06-11 23:22:59.088 [info] Getting sessions for all scopes...
2025-06-11 23:22:59.088 [info] Got 1 sessions for ...
2025-06-11 23:22:59.089 [info] Getting sessions for read:user,repo,user:email,workflow...
2025-06-11 23:22:59.089 [info] Got 0 sessions for read:user,repo,user:email,workflow...
2025-06-11 23:22:59.089 [info] Getting sessions for user:email...
2025-06-11 23:22:59.089 [info] Got 1 sessions for user:email...
2025-06-11 23:22:59.792 [info] Getting sessions for all scopes...
2025-06-11 23:22:59.792 [info] Got 1 sessions for ...
2025-06-11 23:22:59.792 [info] Getting sessions for all scopes...
2025-06-11 23:22:59.792 [info] Got 1 sessions for ...
2025-06-11 23:22:59.798 [info] Getting sessions for read:user,repo,user:email,workflow...
2025-06-11 23:22:59.798 [info] Got 0 sessions for read:user,repo,user:email,workflow...
2025-06-11 23:22:59.799 [info] Getting sessions for user:email...
2025-06-11 23:22:59.799 [info] Got 1 sessions for user:email...
2025-06-11 23:22:59.799 [info] Getting sessions for read:user,repo,user:email,workflow...
2025-06-11 23:22:59.799 [info] Got 0 sessions for read:user,repo,user:email,workflow...
2025-06-11 23:22:59.799 [info] Getting sessions for all scopes...
2025-06-11 23:22:59.799 [info] Got 1 sessions for ...
2025-06-11 23:22:59.800 [info] Getting sessions for read:user,repo,user:email,workflow...
2025-06-11 23:22:59.800 [info] Got 0 sessions for read:user,repo,user:email,workflow...
2025-06-11 23:22:59.800 [info] Getting sessions for user:email...
2025-06-11 23:22:59.800 [info] Got 1 sessions for user:email...
2025-06-11 23:22:59.887 [info] Getting sessions for all scopes...
2025-06-11 23:22:59.887 [info] Got 1 sessions for ...
2025-06-11 23:22:59.887 [info] Getting sessions for all scopes...
2025-06-11 23:22:59.887 [info] Got 1 sessions for ...
2025-06-11 23:22:59.888 [info] Getting sessions for read:user,repo,user:email,workflow...
2025-06-11 23:22:59.888 [info] Got 0 sessions for read:user,repo,user:email,workflow...
2025-06-11 23:22:59.888 [info] Getting sessions for user:email...
2025-06-11 23:22:59.888 [info] Got 1 sessions for user:email...
2025-06-11 23:22:59.888 [info] Getting sessions for read:user,repo,user:email,workflow...
2025-06-11 23:22:59.888 [info] Got 0 sessions for read:user,repo,user:email,workflow...
2025-06-11 23:22:59.889 [info] Getting sessions for all scopes...
2025-06-11 23:22:59.889 [info] Got 1 sessions for ...
2025-06-11 23:22:59.890 [info] Getting sessions for all scopes...
2025-06-11 23:22:59.890 [info] Got 1 sessions for ...
2025-06-11 23:22:59.890 [info] Getting sessions for all scopes...
2025-06-11 23:22:59.890 [info] Got 1 sessions for ...
2025-06-11 23:22:59.891 [info] Getting sessions for read:user,repo,user:email,workflow...
2025-06-11 23:22:59.891 [info] Got 0 sessions for read:user,repo,user:email,workflow...
2025-06-11 23:22:59.891 [info] Getting sessions for user:email...
2025-06-11 23:22:59.891 [info] Got 1 sessions for user:email...
2025-06-11 23:23:00.441 [info] Getting sessions for all scopes...
2025-06-11 23:23:00.441 [info] Got 1 sessions for ...
2025-06-11 23:23:00.441 [info] Getting sessions for read:user,repo,user:email,workflow...
2025-06-11 23:23:00.441 [info] Got 0 sessions for read:user,repo,user:email,workflow...
2025-06-11 23:23:00.442 [info] Getting sessions for user:email...
2025-06-11 23:23:00.442 [info] Got 1 sessions for user:email...
2025-06-11 23:24:51.853 [info] Reading sessions from keychain...
2025-06-11 23:24:51.853 [info] Getting sessions for all scopes...
2025-06-11 23:24:51.853 [info] Getting sessions for all scopes...
2025-06-11 23:24:51.853 [info] Getting sessions for all scopes...
2025-06-11 23:24:51.853 [info] Got stored sessions!
2025-06-11 23:24:51.853 [info] Got 1 verified sessions.
2025-06-11 23:24:51.853 [info] Got 1 sessions for ...
2025-06-11 23:24:51.853 [info] Got 1 sessions for ...
2025-06-11 23:24:51.853 [info] Got 1 sessions for ...
2025-06-11 23:24:51.853 [info] Getting sessions for all scopes...
2025-06-11 23:24:51.853 [info] Got 1 sessions for ...
2025-06-11 23:24:51.853 [info] Getting sessions for all scopes...
2025-06-11 23:24:51.853 [info] Got 1 sessions for ...
2025-06-11 23:24:51.853 [info] Getting sessions for all scopes...
2025-06-11 23:24:51.853 [info] Got 1 sessions for ...
2025-06-11 23:24:51.853 [info] Getting sessions for all scopes...
2025-06-11 23:24:51.853 [info] Got 1 sessions for ...
2025-06-11 23:24:51.853 [info] Getting sessions for all scopes...
2025-06-11 23:24:51.853 [info] Got 1 sessions for ...
2025-06-11 23:24:51.853 [info] Getting sessions for all scopes...
2025-06-11 23:24:51.853 [info] Got 1 sessions for ...
2025-06-11 23:24:51.853 [info] Getting sessions for all scopes...
2025-06-11 23:24:51.853 [info] Got 1 sessions for ...
2025-06-11 23:24:51.853 [info] Getting sessions for all scopes...
2025-06-11 23:24:51.853 [info] Got 1 sessions for ...
2025-06-11 23:24:51.853 [info] Getting sessions for all scopes...
2025-06-11 23:24:51.853 [info] Got 1 sessions for ...
2025-06-11 23:24:51.853 [info] Getting sessions for all scopes...
2025-06-11 23:24:51.853 [info] Got 1 sessions for ...
2025-06-11 23:24:51.853 [info] Getting sessions for all scopes...
2025-06-11 23:24:51.853 [info] Got 1 sessions for ...
2025-06-11 23:24:51.853 [info] Getting sessions for all scopes...
2025-06-11 23:24:51.853 [info] Got 1 sessions for ...
2025-06-11 23:24:52.525 [info] Getting sessions for all scopes...
2025-06-11 23:24:52.525 [info] Got 1 sessions for ...
2025-06-11 23:24:52.525 [info] Getting sessions for all scopes...
2025-06-11 23:24:52.525 [info] Got 1 sessions for ...
2025-06-11 23:24:52.532 [info] Getting sessions for all scopes...
2025-06-11 23:24:52.532 [info] Got 1 sessions for ...
2025-06-11 23:24:52.597 [info] Getting sessions for all scopes...
2025-06-11 23:24:52.597 [info] Got 1 sessions for ...
2025-06-11 23:24:52.597 [info] Getting sessions for read:user,repo,user:email,workflow...
2025-06-11 23:24:52.597 [info] Got 0 sessions for read:user,repo,user:email,workflow...
2025-06-11 23:24:52.605 [info] Getting sessions for read:user,repo,user:email,workflow...
2025-06-11 23:24:52.606 [info] Got 0 sessions for read:user,repo,user:email,workflow...
2025-06-11 23:24:52.612 [info] Getting sessions for read:user...
2025-06-11 23:24:52.612 [info] Got 0 sessions for read:user...
2025-06-11 23:24:52.749 [info] Getting sessions for user:email...
2025-06-11 23:24:52.749 [info] Got 1 sessions for user:email...
2025-06-11 23:24:52.749 [info] Getting sessions for read:user,repo,user:email,workflow...
2025-06-11 23:24:52.749 [info] Got 0 sessions for read:user,repo,user:email,workflow...
2025-06-11 23:24:52.790 [info] Getting sessions for user:email...
2025-06-11 23:24:52.790 [info] Got 1 sessions for user:email...
2025-06-11 23:24:52.790 [info] Getting sessions for read:user,repo,user:email,workflow...
2025-06-11 23:24:52.790 [info] Got 0 sessions for read:user,repo,user:email,workflow...
2025-06-11 23:24:52.805 [info] Getting sessions for all scopes...
2025-06-11 23:24:52.805 [info] Got 1 sessions for ...
2025-06-11 23:24:52.868 [info] Getting sessions for read:user,repo,user:email,workflow...
2025-06-11 23:24:52.868 [info] Got 0 sessions for read:user,repo,user:email,workflow...
2025-06-11 23:24:52.985 [info] Getting sessions for user:email...
2025-06-11 23:24:52.985 [info] Got 1 sessions for user:email...
2025-06-11 23:24:53.047 [info] Getting sessions for all scopes...
2025-06-11 23:24:53.047 [info] Got 1 sessions for ...
2025-06-11 23:24:53.047 [info] Getting sessions for all scopes...
2025-06-11 23:24:53.047 [info] Got 1 sessions for ...
2025-06-11 23:24:53.048 [info] Getting sessions for read:user,repo,user:email,workflow...
2025-06-11 23:24:53.048 [info] Got 0 sessions for read:user,repo,user:email,workflow...
2025-06-11 23:24:53.048 [info] Getting sessions for user:email...
2025-06-11 23:24:53.048 [info] Got 1 sessions for user:email...
2025-06-11 23:24:53.048 [info] Getting sessions for read:user,repo,user:email,workflow...
2025-06-11 23:24:53.048 [info] Got 0 sessions for read:user,repo,user:email,workflow...
2025-06-11 23:24:53.049 [info] Getting sessions for all scopes...
2025-06-11 23:24:53.049 [info] Got 1 sessions for ...
2025-06-11 23:24:53.050 [info] Getting sessions for read:user,repo,user:email,workflow...
2025-06-11 23:24:53.050 [info] Got 0 sessions for read:user,repo,user:email,workflow...
2025-06-11 23:24:53.050 [info] Getting sessions for user:email...
2025-06-11 23:24:53.050 [info] Got 1 sessions for user:email...
2025-06-11 23:24:53.801 [info] Getting sessions for all scopes...
2025-06-11 23:24:53.801 [info] Got 1 sessions for ...
2025-06-11 23:24:53.802 [info] Getting sessions for all scopes...
2025-06-11 23:24:53.802 [info] Got 1 sessions for ...
2025-06-11 23:24:53.812 [info] Getting sessions for read:user,repo,user:email,workflow...
2025-06-11 23:24:53.812 [info] Got 0 sessions for read:user,repo,user:email,workflow...
2025-06-11 23:24:53.818 [info] Getting sessions for user:email...
2025-06-11 23:24:53.818 [info] Got 1 sessions for user:email...
2025-06-11 23:24:53.818 [info] Getting sessions for read:user,repo,user:email,workflow...
2025-06-11 23:24:53.818 [info] Got 0 sessions for read:user,repo,user:email,workflow...
2025-06-11 23:24:53.819 [info] Getting sessions for all scopes...
2025-06-11 23:24:53.819 [info] Got 1 sessions for ...
2025-06-11 23:24:53.820 [info] Getting sessions for read:user,repo,user:email,workflow...
2025-06-11 23:24:53.820 [info] Got 0 sessions for read:user,repo,user:email,workflow...
2025-06-11 23:24:53.820 [info] Getting sessions for user:email...
2025-06-11 23:24:53.820 [info] Got 1 sessions for user:email...
2025-06-11 23:24:53.848 [info] Getting sessions for all scopes...
2025-06-11 23:24:53.848 [info] Got 1 sessions for ...
2025-06-11 23:24:53.848 [info] Getting sessions for all scopes...
2025-06-11 23:24:53.848 [info] Got 1 sessions for ...
2025-06-11 23:24:53.849 [info] Getting sessions for read:user,repo,user:email,workflow...
2025-06-11 23:24:53.849 [info] Got 0 sessions for read:user,repo,user:email,workflow...
2025-06-11 23:24:53.849 [info] Getting sessions for user:email...
2025-06-11 23:24:53.849 [info] Got 1 sessions for user:email...
2025-06-11 23:24:53.850 [info] Getting sessions for read:user,repo,user:email,workflow...
2025-06-11 23:24:53.850 [info] Got 0 sessions for read:user,repo,user:email,workflow...
2025-06-11 23:24:53.851 [info] Getting sessions for all scopes...
2025-06-11 23:24:53.851 [info] Got 1 sessions for ...
2025-06-11 23:24:53.852 [info] Getting sessions for all scopes...
2025-06-11 23:24:53.852 [info] Got 1 sessions for ...
2025-06-11 23:24:53.852 [info] Getting sessions for all scopes...
2025-06-11 23:24:53.852 [info] Got 1 sessions for ...
2025-06-11 23:24:53.854 [info] Getting sessions for read:user,repo,user:email,workflow...
2025-06-11 23:24:53.854 [info] Got 0 sessions for read:user,repo,user:email,workflow...
2025-06-11 23:24:53.854 [info] Getting sessions for user:email...
2025-06-11 23:24:53.854 [info] Got 1 sessions for user:email...
2025-06-11 23:24:53.884 [info] Getting sessions for all scopes...
2025-06-11 23:24:53.884 [info] Got 1 sessions for ...
2025-06-11 23:24:54.173 [info] Getting sessions for all scopes...
2025-06-11 23:24:54.173 [info] Got 1 sessions for ...
2025-06-11 23:24:54.174 [info] Getting sessions for read:user,repo,user:email,workflow...
2025-06-11 23:24:54.174 [info] Got 0 sessions for read:user,repo,user:email,workflow...
2025-06-11 23:24:54.174 [info] Getting sessions for user:email...
2025-06-11 23:24:54.174 [info] Got 1 sessions for user:email...
