2025-06-11 19:14:02.773 [info] Reading sessions from keychain...
2025-06-11 19:14:02.773 [info] Getting sessions for all scopes...
2025-06-11 19:14:02.773 [info] Getting sessions for all scopes...
2025-06-11 19:14:02.773 [info] Getting sessions for all scopes...
2025-06-11 19:14:02.773 [info] Getting sessions for all scopes...
2025-06-11 19:14:02.773 [info] Getting sessions for all scopes...
2025-06-11 19:14:02.773 [info] Getting sessions for all scopes...
2025-06-11 19:14:02.773 [info] Getting sessions for all scopes...
2025-06-11 19:14:02.773 [info] Getting sessions for all scopes...
2025-06-11 19:14:02.843 [info] Getting sessions for all scopes...
2025-06-11 19:14:02.851 [info] Got 0 sessions for ...
2025-06-11 19:14:02.851 [info] Got 0 sessions for ...
2025-06-11 19:14:02.852 [info] Got 0 sessions for ...
2025-06-11 19:14:02.852 [info] Got 0 sessions for ...
2025-06-11 19:14:02.852 [info] Got 0 sessions for ...
2025-06-11 19:14:02.852 [info] Got 0 sessions for ...
2025-06-11 19:14:02.852 [info] Got 0 sessions for ...
2025-06-11 19:14:02.852 [info] Got 0 sessions for ...
2025-06-11 19:14:02.852 [info] Got 0 sessions for ...
2025-06-11 19:14:02.853 [info] Getting sessions for all scopes...
2025-06-11 19:14:02.853 [info] Got 0 sessions for ...
2025-06-11 19:14:02.853 [info] Getting sessions for all scopes...
2025-06-11 19:14:02.853 [info] Got 0 sessions for ...
2025-06-11 19:14:02.853 [info] Getting sessions for all scopes...
2025-06-11 19:14:02.853 [info] Got 0 sessions for ...
2025-06-11 19:14:02.853 [info] Getting sessions for all scopes...
2025-06-11 19:14:02.853 [info] Got 0 sessions for ...
2025-06-11 19:14:02.853 [info] Getting sessions for all scopes...
2025-06-11 19:14:02.853 [info] Got 0 sessions for ...
2025-06-11 19:14:02.853 [info] Getting sessions for all scopes...
2025-06-11 19:14:02.853 [info] Got 0 sessions for ...
2025-06-11 19:14:04.712 [info] Getting sessions for all scopes...
2025-06-11 19:14:04.712 [info] Got 0 sessions for ...
2025-06-11 19:14:14.137 [info] Logging in with 'any' account...
2025-06-11 19:14:14.137 [info] Logging in for the following scopes: user:email
2025-06-11 19:14:14.150 [info] Trying without local server... (user:email)
