2025-06-11 19:15:12.709 [info] Reading sessions from keychain...
2025-06-11 19:15:12.709 [info] Getting sessions for all scopes...
2025-06-11 19:15:12.709 [info] Getting sessions for all scopes...
2025-06-11 19:15:12.709 [info] Getting sessions for all scopes...
2025-06-11 19:15:12.709 [info] Getting sessions for all scopes...
2025-06-11 19:15:12.709 [info] Getting sessions for all scopes...
2025-06-11 19:15:12.709 [info] Getting sessions for all scopes...
2025-06-11 19:15:12.709 [info] Getting sessions for all scopes...
2025-06-11 19:15:12.709 [info] Getting sessions for all scopes...
2025-06-11 19:15:12.709 [info] Got 0 sessions for ...
2025-06-11 19:15:12.709 [info] Got 0 sessions for ...
2025-06-11 19:15:12.709 [info] Got 0 sessions for ...
2025-06-11 19:15:12.709 [info] Got 0 sessions for ...
2025-06-11 19:15:12.709 [info] Got 0 sessions for ...
2025-06-11 19:15:12.709 [info] Got 0 sessions for ...
2025-06-11 19:15:12.709 [info] Got 0 sessions for ...
2025-06-11 19:15:12.709 [info] Got 0 sessions for ...
2025-06-11 19:15:12.716 [info] Getting sessions for all scopes...
2025-06-11 19:15:12.716 [info] Got 0 sessions for ...
2025-06-11 19:15:12.716 [info] Getting sessions for all scopes...
2025-06-11 19:15:12.716 [info] Got 0 sessions for ...
2025-06-11 19:15:12.716 [info] Getting sessions for all scopes...
2025-06-11 19:15:12.716 [info] Got 0 sessions for ...
2025-06-11 19:15:12.716 [info] Getting sessions for all scopes...
2025-06-11 19:15:12.716 [info] Got 0 sessions for ...
2025-06-11 19:15:12.716 [info] Getting sessions for all scopes...
2025-06-11 19:15:12.716 [info] Got 0 sessions for ...
2025-06-11 19:15:12.716 [info] Getting sessions for all scopes...
2025-06-11 19:15:12.716 [info] Got 0 sessions for ...
2025-06-11 19:15:12.785 [info] Getting sessions for all scopes...
2025-06-11 19:15:12.785 [info] Got 0 sessions for ...
2025-06-11 19:15:14.823 [info] Getting sessions for all scopes...
2025-06-11 19:15:14.823 [info] Got 0 sessions for ...
2025-06-11 19:15:16.243 [info] Logging in with 'any' account...
2025-06-11 19:15:16.243 [info] Logging in for the following scopes: user:email
2025-06-11 19:15:16.256 [info] Trying without local server... (user:email)
2025-06-11 19:15:41.000 [info] Exchanging code for token...
2025-06-11 19:15:41.249 [info] Token exchange success!
2025-06-11 19:15:41.250 [info] Getting user info...
2025-06-11 19:15:41.528 [info] Got account info!
2025-06-11 19:15:41.528 [info] Storing 1 sessions...
2025-06-11 19:15:41.529 [info] Reading sessions from keychain...
2025-06-11 19:15:41.529 [info] Stored 1 sessions!
2025-06-11 19:15:41.529 [info] Login success!
2025-06-11 19:15:41.529 [info] Getting sessions for all scopes...
2025-06-11 19:15:41.530 [info] Getting sessions for all scopes...
2025-06-11 19:15:41.530 [info] Got stored sessions!
2025-06-11 19:15:41.530 [info] Got 1 verified sessions.
2025-06-11 19:15:41.530 [info] Got 1 sessions for ...
2025-06-11 19:15:41.530 [info] Got 1 sessions for ...
2025-06-11 19:15:41.531 [info] Getting sessions for all scopes...
2025-06-11 19:15:41.531 [info] Got 1 sessions for ...
2025-06-11 19:15:45.729 [info] Getting sessions for all scopes...
2025-06-11 19:15:45.729 [info] Got 1 sessions for ...
2025-06-11 19:15:45.729 [info] Getting sessions for all scopes...
2025-06-11 19:15:45.729 [info] Got 1 sessions for ...
2025-06-11 19:15:45.740 [info] Getting sessions for all scopes...
2025-06-11 19:15:45.740 [info] Got 1 sessions for ...
2025-06-11 19:15:45.805 [info] Getting sessions for all scopes...
2025-06-11 19:15:45.805 [info] Got 1 sessions for ...
2025-06-11 19:15:45.805 [info] Getting sessions for read:user,repo,user:email,workflow...
2025-06-11 19:15:45.805 [info] Got 0 sessions for read:user,repo,user:email,workflow...
2025-06-11 19:15:45.805 [info] Getting sessions for read:user,repo,user:email,workflow...
2025-06-11 19:15:45.805 [info] Got 0 sessions for read:user,repo,user:email,workflow...
2025-06-11 19:15:45.956 [info] Getting sessions for read:user...
2025-06-11 19:15:45.956 [info] Got 0 sessions for read:user...
2025-06-11 19:15:45.956 [info] Getting sessions for user:email...
2025-06-11 19:15:45.956 [info] Got 1 sessions for user:email...
2025-06-11 19:15:45.956 [info] Getting sessions for read:user,repo,user:email,workflow...
2025-06-11 19:15:45.956 [info] Got 0 sessions for read:user,repo,user:email,workflow...
2025-06-11 19:15:45.957 [info] Getting sessions for user:email...
2025-06-11 19:15:45.957 [info] Got 1 sessions for user:email...
2025-06-11 19:15:45.957 [info] Getting sessions for all scopes...
2025-06-11 19:15:45.957 [info] Got 1 sessions for ...
2025-06-11 19:15:45.960 [info] Getting sessions for read:user,repo,user:email,workflow...
2025-06-11 19:15:45.960 [info] Got 0 sessions for read:user,repo,user:email,workflow...
2025-06-11 19:15:46.022 [info] Getting sessions for user:email...
2025-06-11 19:15:46.022 [info] Got 1 sessions for user:email...
2025-06-11 19:15:46.023 [info] Getting sessions for all scopes...
2025-06-11 19:15:46.023 [info] Got 1 sessions for ...
2025-06-11 19:15:46.023 [info] Getting sessions for read:user,repo,user:email,workflow...
2025-06-11 19:15:46.023 [info] Got 0 sessions for read:user,repo,user:email,workflow...
2025-06-11 19:15:46.023 [info] Getting sessions for user:email...
2025-06-11 19:15:46.023 [info] Got 1 sessions for user:email...
2025-06-11 19:15:46.058 [info] Getting sessions for all scopes...
2025-06-11 19:15:46.058 [info] Got 1 sessions for ...
2025-06-11 19:15:46.058 [info] Getting sessions for read:user,repo,user:email,workflow...
2025-06-11 19:15:46.058 [info] Got 0 sessions for read:user,repo,user:email,workflow...
2025-06-11 19:15:46.059 [info] Getting sessions for user:email...
2025-06-11 19:15:46.059 [info] Got 1 sessions for user:email...
2025-06-11 19:15:46.728 [info] Getting sessions for all scopes...
2025-06-11 19:15:46.728 [info] Got 1 sessions for ...
2025-06-11 19:15:46.728 [info] Getting sessions for all scopes...
2025-06-11 19:15:46.728 [info] Got 1 sessions for ...
2025-06-11 19:15:46.733 [info] Getting sessions for read:user,repo,user:email,workflow...
2025-06-11 19:15:46.733 [info] Got 0 sessions for read:user,repo,user:email,workflow...
2025-06-11 19:15:46.734 [info] Getting sessions for user:email...
2025-06-11 19:15:46.734 [info] Got 1 sessions for user:email...
2025-06-11 19:15:46.734 [info] Getting sessions for read:user,repo,user:email,workflow...
2025-06-11 19:15:46.734 [info] Got 0 sessions for read:user,repo,user:email,workflow...
2025-06-11 19:15:46.735 [info] Getting sessions for all scopes...
2025-06-11 19:15:46.735 [info] Got 1 sessions for ...
2025-06-11 19:15:46.735 [info] Getting sessions for read:user,repo,user:email,workflow...
2025-06-11 19:15:46.735 [info] Got 0 sessions for read:user,repo,user:email,workflow...
2025-06-11 19:15:46.736 [info] Getting sessions for user:email...
2025-06-11 19:15:46.736 [info] Got 1 sessions for user:email...
2025-06-11 19:15:46.767 [info] Getting sessions for all scopes...
2025-06-11 19:15:46.767 [info] Got 1 sessions for ...
2025-06-11 19:15:46.767 [info] Getting sessions for all scopes...
2025-06-11 19:15:46.767 [info] Got 1 sessions for ...
2025-06-11 19:15:46.769 [info] Getting sessions for read:user,repo,user:email,workflow...
2025-06-11 19:15:46.769 [info] Got 0 sessions for read:user,repo,user:email,workflow...
2025-06-11 19:15:46.769 [info] Getting sessions for user:email...
2025-06-11 19:15:46.769 [info] Got 1 sessions for user:email...
2025-06-11 19:15:46.769 [info] Getting sessions for read:user,repo,user:email,workflow...
2025-06-11 19:15:46.769 [info] Got 0 sessions for read:user,repo,user:email,workflow...
2025-06-11 19:15:46.771 [info] Getting sessions for all scopes...
2025-06-11 19:15:46.771 [info] Got 1 sessions for ...
2025-06-11 19:15:46.771 [info] Getting sessions for all scopes...
2025-06-11 19:15:46.771 [info] Got 1 sessions for ...
2025-06-11 19:15:46.771 [info] Getting sessions for all scopes...
2025-06-11 19:15:46.771 [info] Got 1 sessions for ...
2025-06-11 19:15:46.772 [info] Getting sessions for read:user,repo,user:email,workflow...
2025-06-11 19:15:46.772 [info] Got 0 sessions for read:user,repo,user:email,workflow...
2025-06-11 19:15:46.772 [info] Getting sessions for user:email...
2025-06-11 19:15:46.772 [info] Got 1 sessions for user:email...
2025-06-11 19:15:47.421 [info] Getting sessions for all scopes...
2025-06-11 19:15:47.421 [info] Got 1 sessions for ...
2025-06-11 19:15:47.422 [info] Getting sessions for read:user,repo,user:email,workflow...
2025-06-11 19:15:47.422 [info] Got 0 sessions for read:user,repo,user:email,workflow...
2025-06-11 19:15:47.422 [info] Getting sessions for user:email...
2025-06-11 19:15:47.422 [info] Got 1 sessions for user:email...
2025-06-11 19:30:47.425 [info] Getting sessions for all scopes...
2025-06-11 19:30:47.425 [info] Got 1 sessions for ...
2025-06-11 19:30:47.425 [info] Getting sessions for read:user,repo,user:email,workflow...
2025-06-11 19:30:47.425 [info] Got 0 sessions for read:user,repo,user:email,workflow...
2025-06-11 19:30:47.425 [info] Getting sessions for user:email...
2025-06-11 19:30:47.425 [info] Got 1 sessions for user:email...
2025-06-11 19:55:42.156 [info] Getting sessions for all scopes...
2025-06-11 19:55:42.156 [info] Got 1 sessions for ...
2025-06-11 19:55:42.156 [info] Getting sessions for read:user,repo,user:email,workflow...
2025-06-11 19:55:42.156 [info] Got 0 sessions for read:user,repo,user:email,workflow...
2025-06-11 19:55:42.156 [info] Getting sessions for user:email...
2025-06-11 19:55:42.156 [info] Got 1 sessions for user:email...
2025-06-11 19:55:42.157 [info] Getting sessions for all scopes...
2025-06-11 19:55:42.157 [info] Got 1 sessions for ...
2025-06-11 19:55:42.157 [info] Getting sessions for read:user,repo,user:email,workflow...
2025-06-11 19:55:42.157 [info] Got 0 sessions for read:user,repo,user:email,workflow...
2025-06-11 19:55:42.158 [info] Getting sessions for user:email...
2025-06-11 19:55:42.158 [info] Got 1 sessions for user:email...
2025-06-11 19:55:42.831 [info] Getting sessions for all scopes...
2025-06-11 19:55:42.831 [info] Got 1 sessions for ...
2025-06-11 19:55:42.831 [info] Getting sessions for all scopes...
2025-06-11 19:55:42.831 [info] Got 1 sessions for ...
2025-06-11 19:55:42.831 [info] Getting sessions for read:user,repo,user:email,workflow...
2025-06-11 19:55:42.831 [info] Got 0 sessions for read:user,repo,user:email,workflow...
2025-06-11 19:55:42.832 [info] Getting sessions for user:email...
2025-06-11 19:55:42.832 [info] Got 1 sessions for user:email...
2025-06-11 19:55:42.832 [info] Getting sessions for read:user,repo,user:email,workflow...
2025-06-11 19:55:42.832 [info] Got 0 sessions for read:user,repo,user:email,workflow...
2025-06-11 19:55:42.832 [info] Getting sessions for all scopes...
2025-06-11 19:55:42.832 [info] Got 1 sessions for ...
2025-06-11 19:55:42.832 [info] Getting sessions for read:user,repo,user:email,workflow...
2025-06-11 19:55:42.832 [info] Got 0 sessions for read:user,repo,user:email,workflow...
2025-06-11 19:55:42.833 [info] Getting sessions for user:email...
2025-06-11 19:55:42.833 [info] Got 1 sessions for user:email...
2025-06-11 19:55:42.834 [info] Getting sessions for all scopes...
2025-06-11 19:55:42.834 [info] Got 1 sessions for ...
2025-06-11 19:55:42.834 [info] Getting sessions for all scopes...
2025-06-11 19:55:42.834 [info] Got 1 sessions for ...
2025-06-11 19:55:42.834 [info] Getting sessions for read:user,repo,user:email,workflow...
2025-06-11 19:55:42.834 [info] Got 0 sessions for read:user,repo,user:email,workflow...
2025-06-11 19:55:42.835 [info] Getting sessions for user:email...
2025-06-11 19:55:42.835 [info] Got 1 sessions for user:email...
2025-06-11 19:55:42.835 [info] Getting sessions for read:user,repo,user:email,workflow...
2025-06-11 19:55:42.835 [info] Got 0 sessions for read:user,repo,user:email,workflow...
2025-06-11 19:55:42.836 [info] Getting sessions for all scopes...
2025-06-11 19:55:42.836 [info] Got 1 sessions for ...
2025-06-11 19:55:42.836 [info] Getting sessions for read:user,repo,user:email,workflow...
2025-06-11 19:55:42.837 [info] Got 0 sessions for read:user,repo,user:email,workflow...
2025-06-11 19:55:42.837 [info] Getting sessions for user:email...
2025-06-11 19:55:42.837 [info] Got 1 sessions for user:email...
